ERROR 2024-08-26 18:44:05,567 django.request Thread-1 (process_request_thread) 8880 log log.py 248 django.request log_response 10408 Internal Server Error: /analysis/upload/
ERROR 2024-08-26 18:44:05,571 django.server Thread-1 (process_request_thread) 8880 basehttp basehttp.py 213 django.server log_message 10408 "POST /analysis/upload/ HTTP/1.1" 500 34
ERROR 2024-08-26 18:54:34,761 django.request Thread-1 (process_request_thread) 9088 log log.py 248 django.request log_response 15880 Internal Server Error: /analysis/upload/
ERROR 2024-08-26 18:54:34,763 django.server Thread-1 (process_request_thread) 9088 basehttp basehttp.py 213 django.server log_message 15880 "POST /analysis/upload/ HTTP/1.1" 500 34
ERROR 2024-08-26 18:58:01,687 django.request Thread-2 (process_request_thread) 7220 log log.py 248 django.request log_response 15880 Internal Server Error: /analysis/upload/
ERROR 2024-08-26 18:58:01,688 django.server Thread-2 (process_request_thread) 7220 basehttp basehttp.py 213 django.server log_message 15880 "POST /analysis/upload/ HTTP/1.1" 500 34
ERROR 2024-08-26 19:00:19,639 django.request Thread-2 (process_request_thread) 7220 log log.py 248 django.request log_response 15880 Internal Server Error: /analysis/upload/
ERROR 2024-08-26 19:00:19,823 django.server Thread-2 (process_request_thread) 7220 basehttp basehttp.py 213 django.server log_message 15880 "POST /analysis/upload/ HTTP/1.1" 500 34
ERROR 2024-08-26 19:02:23,649 django.request Thread-3 (process_request_thread) 9504 log log.py 248 django.request log_response 15880 Internal Server Error: /analysis/upload/
ERROR 2024-08-26 19:02:23,653 django.server Thread-3 (process_request_thread) 9504 basehttp basehttp.py 213 django.server log_message 15880 "POST /analysis/upload/ HTTP/1.1" 500 34
ERROR 2024-08-26 19:05:28,260 django.request Thread-1 (process_request_thread) 17688 log log.py 248 django.request log_response 6104 Internal Server Error: /analysis/upload/
ERROR 2024-08-26 19:05:31,000 django.server Thread-1 (process_request_thread) 17688 basehttp basehttp.py 213 django.server log_message 6104 "POST /analysis/upload/ HTTP/1.1" 500 34
ERROR 2024-08-26 21:20:28,715 django.request Thread-1 (process_request_thread) 11712 log log.py 248 django.request log_response 15880 Internal Server Error: /analysis/upload/
ERROR 2024-08-26 21:20:30,299 django.server Thread-1 (process_request_thread) 11712 basehttp basehttp.py 213 django.server log_message 15880 "POST /analysis/upload/ HTTP/1.1" 500 34
ERROR 2024-08-26 21:23:13,440 django.request Thread-2 (process_request_thread) 12812 log log.py 248 django.request log_response 15880 Internal Server Error: /analysis/upload/
ERROR 2024-08-26 21:23:14,361 django.server Thread-2 (process_request_thread) 12812 basehttp basehttp.py 213 django.server log_message 15880 "POST /analysis/upload/ HTTP/1.1" 500 34
ERROR 2024-08-26 21:30:20,979 django.request Thread-1 (process_request_thread) 7888 log log.py 248 django.request log_response 7224 Internal Server Error: /analysis/upload/
ERROR 2024-08-26 21:30:21,253 django.server Thread-1 (process_request_thread) 7888 basehttp basehttp.py 213 django.server log_message 7224 "POST /analysis/upload/ HTTP/1.1" 500 34
ERROR 2024-08-26 21:32:22,263 django.request Thread-1 (process_request_thread) 7996 log log.py 248 django.request log_response 18076 Internal Server Error: /analysis/upload/
ERROR 2024-08-26 21:32:23,187 django.server Thread-1 (process_request_thread) 7996 basehttp basehttp.py 213 django.server log_message 18076 "POST /analysis/upload/ HTTP/1.1" 500 34
ERROR 2024-08-26 21:47:48,135 django.request Thread-1 (process_request_thread) 7152 log log.py 248 django.request log_response 15128 Internal Server Error: /analysis/upload/
ERROR 2024-08-26 21:47:48,142 django.server Thread-1 (process_request_thread) 7152 basehttp basehttp.py 213 django.server log_message 15128 "POST /analysis/upload/ HTTP/1.1" 500 34
ERROR 2024-08-27 18:49:36,870 django.request Thread-1 (process_request_thread) 15128 log log.py 248 django.request log_response 10856 Internal Server Error: /analysis/upload/
ERROR 2024-08-27 18:49:36,873 django.server Thread-1 (process_request_thread) 15128 basehttp basehttp.py 213 django.server log_message 10856 "POST /analysis/upload/ HTTP/1.1" 500 34
WARNING 2024-08-27 18:50:46,255 django.request Thread-2 (process_request_thread) 11412 log log.py 248 django.request log_response 10856 Not Found: /analysis/urls/
WARNING 2024-08-27 18:50:46,332 django.server Thread-2 (process_request_thread) 11412 basehttp basehttp.py 213 django.server log_message 10856 "POST /analysis/urls/ HTTP/1.1" 404 2344
WARNING 2024-08-27 18:51:10,934 django.request Thread-3 (process_request_thread) 6688 log log.py 248 django.request log_response 10856 Not Found: /analysis/views/
WARNING 2024-08-27 18:51:11,031 django.server Thread-3 (process_request_thread) 6688 basehttp basehttp.py 213 django.server log_message 10856 "POST /analysis/views/ HTTP/1.1" 404 2347
WARNING 2024-08-27 18:51:36,488 django.request Thread-4 (process_request_thread) 16860 log log.py 248 django.request log_response 10856 Not Found: /analysis/
WARNING 2024-08-27 18:51:36,596 django.server Thread-4 (process_request_thread) 16860 basehttp basehttp.py 213 django.server log_message 10856 "POST /analysis/ HTTP/1.1" 404 2329
ERROR 2024-08-27 18:52:54,011 django.request Thread-5 (process_request_thread) 7004 log log.py 248 django.request log_response 10856 Internal Server Error: /analysis/upload
Traceback (most recent call last):
  File "C:\Users\isabe\AppData\Local\Programs\Python\Python312\Lib\site-packages\django\core\handlers\exception.py", line 55, in inner
    response = get_response(request)
               ^^^^^^^^^^^^^^^^^^^^^
  File "C:\Users\isabe\AppData\Local\Programs\Python\Python312\Lib\site-packages\django\utils\deprecation.py", line 131, in __call__
    response = self.process_response(request, response)
               ^^^^^^^^^^^^^^^^^^^^^^^^^^^^^^^^^^^^^^^^
  File "C:\Users\isabe\AppData\Local\Programs\Python\Python312\Lib\site-packages\django\middleware\common.py", line 108, in process_response
    return self.response_redirect_class(self.get_full_path_with_slash(request))
                                        ^^^^^^^^^^^^^^^^^^^^^^^^^^^^^^^^^^^^^^
  File "C:\Users\isabe\AppData\Local\Programs\Python\Python312\Lib\site-packages\django\middleware\common.py", line 87, in get_full_path_with_slash
    raise RuntimeError(
RuntimeError: You called this URL via POST, but the URL doesn't end in a slash and you have APPEND_SLASH set. Django can't redirect to the slash URL while maintaining POST data. Change your form to point to 127.0.0.1:8000/analysis/upload/ (note the trailing slash), or set APPEND_SLASH=False in your Django settings.
ERROR 2024-08-27 18:52:54,013 django.server Thread-5 (process_request_thread) 7004 basehttp basehttp.py 213 django.server log_message 10856 "POST /analysis/upload HTTP/1.1" 500 74362
ERROR 2024-08-27 19:01:28,662 django.request Thread-1 (process_request_thread) 8852 log log.py 248 django.request log_response 7396 Internal Server Error: /analysis/upload/
ERROR 2024-08-27 19:01:28,666 django.server Thread-1 (process_request_thread) 8852 basehttp basehttp.py 213 django.server log_message 7396 "POST /analysis/upload/ HTTP/1.1" 500 34
WARNING 2024-08-27 19:01:29,612 django.request Thread-1 (process_request_thread) 8852 log log.py 248 django.request log_response 7396 Not Found: /favicon.ico
WARNING 2024-08-27 19:01:29,616 django.server Thread-1 (process_request_thread) 8852 basehttp basehttp.py 213 django.server log_message 7396 "GET /favicon.ico HTTP/1.1" 404 2217
ERROR 2024-08-27 19:02:11,497 django.request Thread-3 (process_request_thread) 1156 log log.py 248 django.request log_response 7396 Internal Server Error: /analysis/upload/
ERROR 2024-08-27 19:02:11,505 django.server Thread-3 (process_request_thread) 1156 basehttp basehttp.py 213 django.server log_message 7396 "POST /analysis/upload/ HTTP/1.1" 500 34
ERROR 2024-08-27 19:06:23,784 django.request Thread-5 (process_request_thread) 14616 log log.py 248 django.request log_response 7396 Internal Server Error: /analysis/upload/
ERROR 2024-08-27 19:06:23,788 django.server Thread-5 (process_request_thread) 14616 basehttp basehttp.py 213 django.server log_message 7396 "POST /analysis/upload/ HTTP/1.1" 500 34
ERROR 2024-08-27 19:06:26,209 django.request Thread-7 (process_request_thread) 9552 log log.py 248 django.request log_response 7396 Internal Server Error: /analysis/upload/
ERROR 2024-08-27 19:06:26,211 django.server Thread-7 (process_request_thread) 9552 basehttp basehttp.py 213 django.server log_message 7396 "POST /analysis/upload/ HTTP/1.1" 500 34
ERROR 2024-08-27 19:08:01,047 django.request Thread-9 (process_request_thread) 2104 log log.py 248 django.request log_response 7396 Internal Server Error: /analysis/upload/
ERROR 2024-08-27 19:08:01,048 django.server Thread-9 (process_request_thread) 2104 basehttp basehttp.py 213 django.server log_message 7396 "POST /analysis/upload/ HTTP/1.1" 500 34
ERROR 2024-08-27 20:34:05,599 django.request Thread-1 (process_request_thread) 16524 log log.py 248 django.request log_response 15580 Internal Server Error: /analysis/upload/
ERROR 2024-08-27 20:34:05,603 django.server Thread-1 (process_request_thread) 16524 basehttp basehttp.py 213 django.server log_message 15580 "POST /analysis/upload/ HTTP/1.1" 500 34
ERROR 2024-08-27 20:51:23,644 django.request Thread-2 (process_request_thread) 14936 log log.py 248 django.request log_response 15580 Internal Server Error: /analysis/upload/
ERROR 2024-08-27 20:51:23,644 django.server Thread-2 (process_request_thread) 14936 basehttp basehttp.py 213 django.server log_message 15580 "POST /analysis/upload/ HTTP/1.1" 500 34
ERROR 2024-08-27 20:57:30,055 django.request Thread-3 (process_request_thread) 11400 log log.py 248 django.request log_response 15580 Internal Server Error: /analysis/upload/
ERROR 2024-08-27 20:57:30,057 django.server Thread-3 (process_request_thread) 11400 basehttp basehttp.py 213 django.server log_message 15580 "POST /analysis/upload/ HTTP/1.1" 500 34
WARNING 2024-08-27 21:06:13,997 django.request Thread-1 (process_request_thread) 15708 log log.py 248 django.request log_response 11844 Bad Request: /analysis/upload/
WARNING 2024-08-27 21:06:13,999 django.server Thread-1 (process_request_thread) 15708 basehttp basehttp.py 213 django.server log_message 11844 "POST /analysis/upload/ HTTP/1.1" 400 65
WARNING 2024-08-27 21:09:21,442 django.request Thread-1 (process_request_thread) 15600 log log.py 248 django.request log_response 4932 Bad Request: /analysis/upload/
WARNING 2024-08-27 21:09:21,442 django.server Thread-1 (process_request_thread) 15600 basehttp basehttp.py 213 django.server log_message 4932 "POST /analysis/upload/ HTTP/1.1" 400 65
WARNING 2024-08-27 21:11:50,489 django.request Thread-2 (process_request_thread) 13456 log log.py 248 django.request log_response 4932 Bad Request: /analysis/upload/
WARNING 2024-08-27 21:11:50,491 django.server Thread-2 (process_request_thread) 13456 basehttp basehttp.py 213 django.server log_message 4932 "POST /analysis/upload/ HTTP/1.1" 400 65
WARNING 2024-08-27 21:14:21,245 django.request Thread-1 (process_request_thread) 11780 log log.py 248 django.request log_response 10600 Bad Request: /analysis/upload/
WARNING 2024-08-27 21:14:21,261 django.server Thread-1 (process_request_thread) 11780 basehttp basehttp.py 213 django.server log_message 10600 "POST /analysis/upload/ HTTP/1.1" 400 65
WARNING 2024-08-27 21:24:14,380 django.request Thread-1 (process_request_thread) 15100 log log.py 248 django.request log_response 1588 Bad Request: /analysis/upload/
WARNING 2024-08-27 21:24:14,382 django.server Thread-1 (process_request_thread) 15100 basehttp basehttp.py 213 django.server log_message 1588 "POST /analysis/upload/ HTTP/1.1" 400 65
WARNING 2024-08-27 21:31:17,321 django.request Thread-1 (process_request_thread) 4924 log log.py 248 django.request log_response 5084 Bad Request: /analysis/upload/
WARNING 2024-08-27 21:31:17,322 django.server Thread-1 (process_request_thread) 4924 basehttp basehttp.py 213 django.server log_message 5084 "POST /analysis/upload/ HTTP/1.1" 400 65
WARNING 2024-08-28 18:08:03,290 django.request Thread-1 (process_request_thread) 1572 log log.py 248 django.request log_response 11504 Bad Request: /analysis/upload/
WARNING 2024-08-28 18:08:03,298 django.server Thread-1 (process_request_thread) 1572 basehttp basehttp.py 213 django.server log_message 11504 "POST /analysis/upload/ HTTP/1.1" 400 65
ERROR 2024-08-28 18:24:52,383 django.request Thread-1 (process_request_thread) 4936 log log.py 248 django.request log_response 8892 Internal Server Error: /analysis/upload/
ERROR 2024-08-28 18:24:52,385 django.server Thread-1 (process_request_thread) 4936 basehttp basehttp.py 213 django.server log_message 8892 "POST /analysis/upload/ HTTP/1.1" 500 34
ERROR 2024-08-28 18:26:43,420 django.request Thread-1 (process_request_thread) 7624 log log.py 248 django.request log_response 11164 Internal Server Error: /analysis/upload/
ERROR 2024-08-28 18:26:43,421 django.server Thread-1 (process_request_thread) 7624 basehttp basehttp.py 213 django.server log_message 11164 "POST /analysis/upload/ HTTP/1.1" 500 34
ERROR 2024-08-28 18:30:28,337 django.request Thread-1 (process_request_thread) 17912 log log.py 248 django.request log_response 17844 Internal Server Error: /analysis/upload/
ERROR 2024-08-28 18:30:28,341 django.server Thread-1 (process_request_thread) 17912 basehttp basehttp.py 213 django.server log_message 17844 "POST /analysis/upload/ HTTP/1.1" 500 34
ERROR 2024-08-28 18:33:27,949 django.request Thread-1 (process_request_thread) 13224 log log.py 248 django.request log_response 5916 Internal Server Error: /analysis/upload/
ERROR 2024-08-28 18:33:27,950 django.server Thread-1 (process_request_thread) 13224 basehttp basehttp.py 213 django.server log_message 5916 "POST /analysis/upload/ HTTP/1.1" 500 34
ERROR 2024-08-28 18:34:17,434 django.request Thread-1 (process_request_thread) 17576 log log.py 248 django.request log_response 15396 Internal Server Error: /analysis/upload/
ERROR 2024-08-28 18:34:17,436 django.server Thread-1 (process_request_thread) 17576 basehttp basehttp.py 213 django.server log_message 15396 "POST /analysis/upload/ HTTP/1.1" 500 34
ERROR 2024-08-28 18:36:31,006 django.request Thread-1 (process_request_thread) 17176 log log.py 248 django.request log_response 12992 Internal Server Error: /analysis/upload/
ERROR 2024-08-28 18:36:31,008 django.server Thread-1 (process_request_thread) 17176 basehttp basehttp.py 213 django.server log_message 12992 "POST /analysis/upload/ HTTP/1.1" 500 34
ERROR 2024-08-28 19:44:26,955 django.request Thread-4 (process_request_thread) 14416 log log.py 248 django.request log_response 13440 Internal Server Error: /analysis/upload/
ERROR 2024-08-28 19:44:26,956 django.server Thread-4 (process_request_thread) 14416 basehttp basehttp.py 213 django.server log_message 13440 "POST /analysis/upload/ HTTP/1.1" 500 34
ERROR 2024-08-28 23:05:28,641 django.request Thread-2 (process_request_thread) 8188 log log.py 248 django.request log_response 9056 Internal Server Error: /analysis/upload/
ERROR 2024-08-28 23:05:28,641 django.server Thread-2 (process_request_thread) 8188 basehttp basehttp.py 213 django.server log_message 9056 "POST /analysis/upload/ HTTP/1.1" 500 34
ERROR 2024-08-28 23:24:17,791 django.request Thread-1 (process_request_thread) 14964 log log.py 248 django.request log_response 2788 Internal Server Error: /analysis/upload/
ERROR 2024-08-28 23:24:17,792 django.server Thread-1 (process_request_thread) 14964 basehttp basehttp.py 213 django.server log_message 2788 "POST /analysis/upload/ HTTP/1.1" 500 34
ERROR 2024-08-28 23:25:51,325 django.request Thread-1 (process_request_thread) 13324 log log.py 248 django.request log_response 10292 Internal Server Error: /analysis/upload/
ERROR 2024-08-28 23:25:51,327 django.server Thread-1 (process_request_thread) 13324 basehttp basehttp.py 213 django.server log_message 10292 "POST /analysis/upload/ HTTP/1.1" 500 34
ERROR 2024-08-28 23:33:03,415 django.request Thread-1 (process_request_thread) 15620 log log.py 248 django.request log_response 5928 Internal Server Error: /analysis/upload/
ERROR 2024-08-28 23:33:03,417 django.server Thread-1 (process_request_thread) 15620 basehttp basehttp.py 213 django.server log_message 5928 "POST /analysis/upload/ HTTP/1.1" 500 34
ERROR 2024-08-28 23:34:13,636 django.request Thread-1 (process_request_thread) 15236 log log.py 248 django.request log_response 13736 Internal Server Error: /analysis/upload/
ERROR 2024-08-28 23:34:13,638 django.server Thread-1 (process_request_thread) 15236 basehttp basehttp.py 213 django.server log_message 13736 "POST /analysis/upload/ HTTP/1.1" 500 34
WARNING 2024-08-29 00:02:51,625 django.request Thread-1 (process_request_thread) 12896 log log.py 248 django.request log_response 13812 Bad Request: /analysis/upload/
WARNING 2024-08-29 00:02:51,628 django.server Thread-1 (process_request_thread) 12896 basehttp basehttp.py 213 django.server log_message 13812 "POST /analysis/upload/ HTTP/1.1" 400 51
WARNING 2024-08-29 00:04:06,923 django.request Thread-1 (process_request_thread) 9912 log log.py 248 django.request log_response 13124 Bad Request: /analysis/upload/
WARNING 2024-08-29 00:04:06,924 django.server Thread-1 (process_request_thread) 9912 basehttp basehttp.py 213 django.server log_message 13124 "POST /analysis/upload/ HTTP/1.1" 400 51
WARNING 2024-08-29 00:05:30,219 django.request Thread-1 (process_request_thread) 7336 log log.py 248 django.request log_response 12284 Bad Request: /analysis/upload/
WARNING 2024-08-29 00:05:30,223 django.server Thread-1 (process_request_thread) 7336 basehttp basehttp.py 213 django.server log_message 12284 "POST /analysis/upload/ HTTP/1.1" 400 51
ERROR 2024-08-29 00:08:26,135 django.request Thread-1 (process_request_thread) 12744 log log.py 248 django.request log_response 16368 Internal Server Error: /analysis/upload/
ERROR 2024-08-29 00:08:26,136 django.server Thread-1 (process_request_thread) 12744 basehttp basehttp.py 213 django.server log_message 16368 "POST /analysis/upload/ HTTP/1.1" 500 34
ERROR 2024-08-29 00:11:17,618 django.request Thread-1 (process_request_thread) 5928 log log.py 248 django.request log_response 10280 Internal Server Error: /analysis/upload/
ERROR 2024-08-29 00:11:17,619 django.server Thread-1 (process_request_thread) 5928 basehttp basehttp.py 213 django.server log_message 10280 "POST /analysis/upload/ HTTP/1.1" 500 34
ERROR 2024-08-29 00:12:41,426 django.request Thread-1 (process_request_thread) 13192 log log.py 248 django.request log_response 5400 Internal Server Error: /analysis/upload/
ERROR 2024-08-29 00:12:41,430 django.server Thread-1 (process_request_thread) 13192 basehttp basehttp.py 213 django.server log_message 5400 "POST /analysis/upload/ HTTP/1.1" 500 34
WARNING 2024-08-29 00:14:19,590 django.request Thread-1 (process_request_thread) 6308 log log.py 248 django.request log_response 6760 Bad Request: /analysis/upload/
WARNING 2024-08-29 00:14:19,590 django.server Thread-1 (process_request_thread) 6308 basehttp basehttp.py 213 django.server log_message 6760 "POST /analysis/upload/ HTTP/1.1" 400 33
ERROR 2024-08-29 00:22:06,807 django.request Thread-1 (process_request_thread) 1636 log log.py 248 django.request log_response 7116 Internal Server Error: /analysis/upload/
ERROR 2024-08-29 00:22:06,810 django.server Thread-1 (process_request_thread) 1636 basehttp basehttp.py 213 django.server log_message 7116 "POST /analysis/upload/ HTTP/1.1" 500 34
ERROR 2024-08-29 00:23:21,474 django.request Thread-1 (process_request_thread) 18900 log log.py 248 django.request log_response 14932 Internal Server Error: /analysis/upload/
ERROR 2024-08-29 00:23:21,475 django.server Thread-1 (process_request_thread) 18900 basehttp basehttp.py 213 django.server log_message 14932 "POST /analysis/upload/ HTTP/1.1" 500 34
ERROR 2024-08-29 00:24:52,555 django.request Thread-1 (process_request_thread) 11520 log log.py 248 django.request log_response 17088 Internal Server Error: /analysis/upload/
ERROR 2024-08-29 00:24:52,556 django.server Thread-1 (process_request_thread) 11520 basehttp basehttp.py 213 django.server log_message 17088 "POST /analysis/upload/ HTTP/1.1" 500 34
ERROR 2024-08-29 00:28:47,841 django.request Thread-1 (process_request_thread) 18164 log log.py 248 django.request log_response 10880 Internal Server Error: /analysis/upload/
ERROR 2024-08-29 00:28:47,843 django.server Thread-1 (process_request_thread) 18164 basehttp basehttp.py 213 django.server log_message 10880 "POST /analysis/upload/ HTTP/1.1" 500 34
ERROR 2024-08-29 00:35:44,305 django.request Thread-20 (process_request_thread) 9884 log log.py 248 django.request log_response 9528 Internal Server Error: /analysis/upload/
ERROR 2024-08-29 00:35:44,305 django.server Thread-20 (process_request_thread) 9884 basehttp basehttp.py 213 django.server log_message 9528 "POST /analysis/upload/ HTTP/1.1" 500 34
ERROR 2024-08-29 00:38:28,947 django.request Thread-1 (process_request_thread) 1388 log log.py 248 django.request log_response 9160 Internal Server Error: /analysis/upload/
ERROR 2024-08-29 00:38:28,948 django.server Thread-1 (process_request_thread) 1388 basehttp basehttp.py 213 django.server log_message 9160 "POST /analysis/upload/ HTTP/1.1" 500 34
ERROR 2024-08-29 00:39:40,522 django.request Thread-1 (process_request_thread) 10488 log log.py 248 django.request log_response 6112 Internal Server Error: /analysis/upload/
ERROR 2024-08-29 00:39:40,524 django.server Thread-1 (process_request_thread) 10488 basehttp basehttp.py 213 django.server log_message 6112 "POST /analysis/upload/ HTTP/1.1" 500 34
ERROR 2024-08-29 17:05:05,706 django.request Thread-1 (process_request_thread) 14660 log log.py 248 django.request log_response 14348 Internal Server Error: /analysis/upload/
ERROR 2024-08-29 17:05:05,708 django.server Thread-1 (process_request_thread) 14660 basehttp basehttp.py 213 django.server log_message 14348 "POST /analysis/upload/ HTTP/1.1" 500 39
ERROR 2024-08-29 18:02:22,020 django.request Thread-1 (process_request_thread) 13164 log log.py 248 django.request log_response 16404 Internal Server Error: /analysis/upload/
ERROR 2024-08-29 18:02:22,028 django.server Thread-1 (process_request_thread) 13164 basehttp basehttp.py 213 django.server log_message 16404 "POST /analysis/upload/ HTTP/1.1" 500 39
ERROR 2024-08-29 18:16:48,344 django.request Thread-1 (process_request_thread) 18648 log log.py 248 django.request log_response 18092 Internal Server Error: /analysis/upload/
ERROR 2024-08-29 18:16:48,346 django.server Thread-1 (process_request_thread) 18648 basehttp basehttp.py 213 django.server log_message 18092 "POST /analysis/upload/ HTTP/1.1" 500 39
ERROR 2024-08-29 18:18:32,000 django.request Thread-2 (process_request_thread) 13748 log log.py 248 django.request log_response 18092 Internal Server Error: /analysis/upload/
ERROR 2024-08-29 18:18:32,002 django.server Thread-2 (process_request_thread) 13748 basehttp basehttp.py 213 django.server log_message 18092 "POST /analysis/upload/ HTTP/1.1" 500 39
ERROR 2024-08-29 18:44:18,177 django.request Thread-1 (process_request_thread) 13192 log log.py 248 django.request log_response 18068 Internal Server Error: /analysis/upload/
ERROR 2024-08-29 18:44:18,183 django.server Thread-1 (process_request_thread) 13192 basehttp basehttp.py 213 django.server log_message 18068 "POST /analysis/upload/ HTTP/1.1" 500 39
ERROR 2024-08-29 18:45:23,477 django.request Thread-1 (process_request_thread) 8948 log log.py 248 django.request log_response 16776 Internal Server Error: /analysis/upload/
ERROR 2024-08-29 18:45:23,479 django.server Thread-1 (process_request_thread) 8948 basehttp basehttp.py 213 django.server log_message 16776 "POST /analysis/upload/ HTTP/1.1" 500 39
ERROR 2024-08-29 18:46:21,130 django.request Thread-1 (process_request_thread) 9772 log log.py 248 django.request log_response 19296 Internal Server Error: /analysis/upload/
ERROR 2024-08-29 18:46:21,131 django.server Thread-1 (process_request_thread) 9772 basehttp basehttp.py 213 django.server log_message 19296 "POST /analysis/upload/ HTTP/1.1" 500 39
ERROR 2024-08-29 18:49:14,372 django.request Thread-1 (process_request_thread) 16776 log log.py 248 django.request log_response 6464 Internal Server Error: /analysis/upload/
ERROR 2024-08-29 18:49:14,373 django.server Thread-1 (process_request_thread) 16776 basehttp basehttp.py 213 django.server log_message 6464 "POST /analysis/upload/ HTTP/1.1" 500 39
